Determining if the pthread_create exist failed with the following output:
Change Dir: /home/dtrobot/car/build/CMakeFiles/CMakeTmp

Run Build Command:/usr/bin/make "cmTryCompileExec1819897926/fast"
/usr/bin/make -f CMakeFiles/cmTryCompileExec1819897926.dir/build.make CMakeFiles/cmTryCompileExec1819897926.dir/build
make[1]: Entering directory `/home/dtrobot/car/build/CMakeFiles/CMakeTmp'
/usr/bin/cmake -E cmake_progress_report /home/dtrobot/car/build/CMakeFiles/CMakeTmp/CMakeFiles 1
Building C object CMakeFiles/cmTryCompileExec1819897926.dir/CheckSymbolExists.c.o
/usr/bin/cc    -o CMakeFiles/cmTryCompileExec1819897926.dir/CheckSymbolExists.c.o   -c /home/dtrobot/car/build/CMakeFiles/CMakeTmp/CheckSymbolExists.c
Linking C executable cmTryCompileExec1819897926
/usr/bin/cmake -E cmake_link_script CMakeFiles/cmTryCompileExec1819897926.dir/link.txt --verbose=1
/usr/bin/cc       CMakeFiles/cmTryCompileExec1819897926.dir/CheckSymbolExists.c.o  -o cmTryCompileExec1819897926 -rdynamic 
CMakeFiles/cmTryCompileExec1819897926.dir/CheckSymbolExists.c.o: In function `main':
CheckSymbolExists.c:(.text+0x16): undefined reference to `pthread_create'
collect2: error: ld returned 1 exit status
make[1]: *** [cmTryCompileExec1819897926] Error 1
make[1]: Leaving directory `/home/dtrobot/car/build/CMakeFiles/CMakeTmp'
make: *** [cmTryCompileExec1819897926/fast] Error 2

File /home/dtrobot/car/build/CMakeFiles/CMakeTmp/CheckSymbolExists.c:
/* */
#include <pthread.h>

int main(int argc, char** argv)
{
  (void)argv;
#ifndef pthread_create
  return ((int*)(&pthread_create))[argc];
#else
  (void)argc;
  return 0;
#endif
}

Determining if the function pthread_create exists in the pthreads failed with the following output:
Change Dir: /home/dtrobot/car/build/CMakeFiles/CMakeTmp

Run Build Command:/usr/bin/make "cmTryCompileExec816706562/fast"
/usr/bin/make -f CMakeFiles/cmTryCompileExec816706562.dir/build.make CMakeFiles/cmTryCompileExec816706562.dir/build
make[1]: Entering directory `/home/dtrobot/car/build/CMakeFiles/CMakeTmp'
/usr/bin/cmake -E cmake_progress_report /home/dtrobot/car/build/CMakeFiles/CMakeTmp/CMakeFiles 1
Building C object CMakeFiles/cmTryCompileExec816706562.dir/CheckFunctionExists.c.o
/usr/bin/cc   -DCHECK_FUNCTION_EXISTS=pthread_create   -o CMakeFiles/cmTryCompileExec816706562.dir/CheckFunctionExists.c.o   -c /usr/share/cmake-2.8/Modules/CheckFunctionExists.c
Linking C executable cmTryCompileExec816706562
/usr/bin/cmake -E cmake_link_script CMakeFiles/cmTryCompileExec816706562.dir/link.txt --verbose=1
/usr/bin/cc   -DCHECK_FUNCTION_EXISTS=pthread_create    CMakeFiles/cmTryCompileExec816706562.dir/CheckFunctionExists.c.o  -o cmTryCompileExec816706562 -rdynamic -lpthreads 
/usr/bin/ld: cannot find -lpthreads
collect2: error: ld returned 1 exit status
make[1]: *** [cmTryCompileExec816706562] Error 1
make[1]: Leaving directory `/home/dtrobot/car/build/CMakeFiles/CMakeTmp'
make: *** [cmTryCompileExec816706562/fast] Error 2


